<?xml version="1.0" encoding="UTF-8"?>
<!-- Generated by org.testng.reporters.JUnitReportReporter -->
<testsuite skipped="0" hostname="DESKTOP-HR8D3KK" name="testCase.GetTagWithMaxQueCount" tests="4" failures="0" timestamp="03 Oct 2021 18:26:36 GMT" time="18.424" errors="0">
  <testcase name="browseQuestions" time="7.187" classname="testCase.GetTagWithMaxQueCount"/>
  <testcase name="clickTag" time="3.099" classname="testCase.GetTagWithMaxQueCount"/>
  <testcase name="clickNew" time="1.712" classname="testCase.GetTagWithMaxQueCount"/>
  <testcase name="getMaxCountQue" time="6.426" classname="testCase.GetTagWithMaxQueCount"/>
</testsuite> <!-- testCase.GetTagWithMaxQueCount -->
